<?xml version="1.0" encoding="UTF-8"?>
<!-- Generated by org.testng.reporters.JUnitReportReporter -->
<testsuite hostname="DESKTOP-ETNP9LV" failures="0" tests="1" name="com.sdet.TC_Login" time="26.398" errors="0" timestamp="2023-07-12T23:33:49 EDT" skipped="0">
  <testcase classname="com.sdet.TC_Login" name="LoginTest" time="26.398"/>
  <system-out/>
</testsuite> <!-- com.sdet.TC_Login -->
