<?xml version="1.0" encoding="UTF-8"?>
<!-- Generated by org.testng.reporters.JUnitReportReporter -->
<testsuite hostname="DESKTOP-77NMEU4" failures="0" tests="2" name="com.sdet.AppTest" time="0.020" errors="0" timestamp="2023-12-28T18:49:04 IST" skipped="0">
  <testcase classname="com.sdet.AppTest" name="testlogin1" time="0.018"/>
  <system-out/>
  <testcase classname="com.sdet.AppTest" name="testlogin2" time="0.002"/>
  <system-out/>
</testsuite> <!-- com.sdet.AppTest -->
