<?xml version="1.0" encoding="UTF-8"?>
<!-- Generated by org.testng.reporters.JUnitReportReporter -->
<testsuite hostname="DESKTOP-77NMEU4" failures="0" tests="1" name="com.sdet.TC_Login" time="25.114" errors="0" timestamp="2023-12-29T19:25:12 IST" skipped="0">
  <testcase classname="com.sdet.TC_Login" name="login_Test" time="25.114"/>
  <system-out/>
</testsuite> <!-- com.sdet.TC_Login -->
