<?xml version="1.0" encoding="UTF-8"?>
<!-- Generated by org.testng.reporters.JUnitReportReporter -->
<testsuite hostname="DESKTOP-ETNP9LV" failures="0" tests="1" name="testcase.TC_Login" time="32.569" errors="0" timestamp="2023-07-17T22:06:30 EDT" skipped="0">
  <testcase classname="testcase.TC_Login" name="LoginTest" time="32.569"/>
  <system-out/>
</testsuite> <!-- testcase.TC_Login -->
