<?xml version="1.0" encoding="UTF-8"?>
<!-- Generated by org.testng.reporters.JUnitReportReporter -->
<testsuite hostname="DESKTOP-ETNP9LV" failures="0" tests="2" name="testcase.AppTest" time="0.036" errors="0" timestamp="2023-07-17T22:06:30 EDT" skipped="0">
  <testcase classname="testcase.AppTest" name="testlogin1" time="0.034"/>
  <system-out/>
  <testcase classname="testcase.AppTest" name="testlogin2" time="0.002"/>
  <system-out/>
</testsuite> <!-- testcase.AppTest -->
