<?xml version="1.0" encoding="UTF-8"?>
<!-- Generated by org.testng.reporters.JUnitReportReporter -->
<testsuite hostname="DESKTOP-ETNP9LV" failures="0" tests="2" name="com.sdet.AppTest" time="0.026" errors="0" timestamp="2023-07-16T02:20:42 EDT" skipped="0">
  <testcase classname="com.sdet.AppTest" name="testlogin2" time="0.001"/>
  <system-out/>
  <testcase classname="com.sdet.AppTest" name="testlogin1" time="0.025"/>
  <system-out/>
</testsuite> <!-- com.sdet.AppTest -->
