<?xml version="1.0" encoding="UTF-8"?>
<!-- Generated by org.testng.reporters.JUnitReportReporter -->
<testsuite hostname="DESKTOP-77NMEU4" failures="0" tests="1" name="com.sdet.TC_Login" time="20.288" errors="0" timestamp="2023-12-28T18:54:52 IST" skipped="0">
  <testcase classname="com.sdet.TC_Login" name="login_Test" time="20.288"/>
  <system-out/>
</testsuite> <!-- com.sdet.TC_Login -->
