<?xml version="1.0" encoding="UTF-8"?>
<!-- Generated by org.testng.reporters.JUnitReportReporter -->
<testsuite hostname="DESKTOP-ETNP9LV" failures="0" tests="1" name="com.sdet.TC_Login" time="31.391" errors="0" timestamp="2023-07-17T22:30:09 EDT" skipped="0">
  <testcase classname="com.sdet.TC_Login" name="LoginTest" time="31.391"/>
  <system-out/>
</testsuite> <!-- com.sdet.TC_Login -->
